<?xml version="1.0" encoding="UTF-8"?>
<!-- Generated by org.testng.reporters.JUnitXMLReporter -->
<testsuite ignored="19" hostname="Vaibhav" failures="4" tests="11" name="RegressionTest" time="385.647" errors="0" timestamp="2024-09-25T17:53:33 IST">
  <testcase classname="com.orengeHRM.testcases.DashboardTest" name="countQuickLaunchOptions" time="6.024"/>
  <testcase classname="com.orengeHRM.testcases.DashboardTest" name="quickLaunchIconDisplay" time="4.802"/>
  <testcase classname="com.orengeHRM.testcases.AddEmployeeTest" name="addEmpWithLoginDetails" time="30.482"/>
  <testcase classname="com.orengeHRM.testcases.AddEmployeeTest" name="addEmpWithLoginDetails" time="29.921">
    <failure type="org.openqa.selenium.NoSuchElementException" message="no such element: Unable to locate element: {&amp;quot;method&amp;quot;:&amp;quot;xpath&amp;quot;,&amp;quot;selector&amp;quot;:&amp;quot;//*[@class=&amp;apos;oxd-toast-content oxd-toast-content--success&amp;apos;]&amp;quot;}
  (Session info: chrome=129.0.6668.59)
For documentation on this error, please visit: https://www.seleniumhq.org/exceptions/no_such_element.html
Build info: version: &amp;apos;3.141.59&amp;apos;, revision: &amp;apos;e82be7d358&amp;apos;, time: &amp;apos;2018-11-14T08:17:03&amp;apos;
System info: host: &amp;apos;VAIBHAV&amp;apos;, ip: &amp;apos;192.168.93.99&amp;apos;, os.name: &amp;apos;Windows 10&amp;apos;, os.arch: &amp;apos;amd64&amp;apos;, os.version: &amp;apos;10.0&amp;apos;, java.version: &amp;apos;17.0.8.1&amp;apos;
Driver info: org.openqa.selenium.chrome.ChromeDriver
Capabilities {acceptInsecureCerts: false, browserName: chrome, browserVersion: 129.0.6668.59, chrome: {chromedriverVersion: 129.0.6668.70 (df87d5cf12b1..., userDataDir: C:\Users\Admin\AppData\Loca...}, fedcm:accounts: true, goog:chromeOptions: {debuggerAddress: localhost:53029}, javascriptEnabled: true, networkConnectionEnabled: false, pageLoadStrategy: normal, platform: WINDOWS, platformName: WINDOWS, proxy: Proxy(), setWindowRect: true, strictFileInteractability: false, timeouts: {implicit: 0, pageLoad: 300000, script: 30000}, unhandledPromptBehavior: dismiss and notify, webauthn:extension:credBlob: true, webauthn:extension:largeBlob: true, webauthn:extension:minPinLength: true, webauthn:extension:prf: true, webauthn:virtualAuthenticators: true}
Session ID: 8cc9c15ca68b969f61bc6aba86378539
*** Element info: {Using=xpath, value=//*[@class=&amp;apos;oxd-toast-content oxd-toast-content--success&amp;apos;]}">
      <![CDATA[org.openqa.selenium.NoSuchElementException: no such element: Unable to locate element: {"method":"xpath","selector":"//*[@class='oxd-toast-content oxd-toast-content--success']"}
  (Session info: chrome=129.0.6668.59)
For documentation on this error, please visit: https://www.seleniumhq.org/exceptions/no_such_element.html
Build info: version: '3.141.59', revision: 'e82be7d358', time: '2018-11-14T08:17:03'
System info: host: 'VAIBHAV', ip: '192.168.93.99', os.name: 'Windows 10', os.arch: 'amd64', os.version: '10.0', java.version: '17.0.8.1'
Driver info: org.openqa.selenium.chrome.ChromeDriver
Capabilities {acceptInsecureCerts: false, browserName: chrome, browserVersion: 129.0.6668.59, chrome: {chromedriverVersion: 129.0.6668.70 (df87d5cf12b1..., userDataDir: C:\Users\Admin\AppData\Loca...}, fedcm:accounts: true, goog:chromeOptions: {debuggerAddress: localhost:53029}, javascriptEnabled: true, networkConnectionEnabled: false, pageLoadStrategy: normal, platform: WINDOWS, platformName: WINDOWS, proxy: Proxy(), setWindowRect: true, strictFileInteractability: false, timeouts: {implicit: 0, pageLoad: 300000, script: 30000}, unhandledPromptBehavior: dismiss and notify, webauthn:extension:credBlob: true, webauthn:extension:largeBlob: true, webauthn:extension:minPinLength: true, webauthn:extension:prf: true, webauthn:virtualAuthenticators: true}
Session ID: 8cc9c15ca68b969f61bc6aba86378539
*** Element info: {Using=xpath, value=//*[@class='oxd-toast-content oxd-toast-content--success']}
at org.openqa.selenium.remote.http.W3CHttpResponseCodec.createException(W3CHttpResponseCodec.java:187)
at org.openqa.selenium.remote.http.W3CHttpResponseCodec.decode(W3CHttpResponseCodec.java:122)
at org.openqa.selenium.remote.http.W3CHttpResponseCodec.decode(W3CHttpResponseCodec.java:49)
at org.openqa.selenium.remote.HttpCommandExecutor.execute(HttpCommandExecutor.java:158)
at org.openqa.selenium.remote.service.DriverCommandExecutor.execute(DriverCommandExecutor.java:83)
at org.openqa.selenium.remote.RemoteWebDriver.execute(RemoteWebDriver.java:552)
at org.openqa.selenium.remote.RemoteWebDriver.findElement(RemoteWebDriver.java:323)
at org.openqa.selenium.remote.RemoteWebDriver.findElementByXPath(RemoteWebDriver.java:428)
at org.openqa.selenium.By$ByXPath.findElement(By.java:353)
at org.openqa.selenium.remote.RemoteWebDriver.findElement(RemoteWebDriver.java:315)
at org.openqa.selenium.support.pagefactory.DefaultElementLocator.findElement(DefaultElementLocator.java:69)
at org.openqa.selenium.support.pagefactory.internal.LocatingElementHandler.invoke(LocatingElementHandler.java:38)
at jdk.proxy2/jdk.proxy2.$Proxy31.isDisplayed(Unknown Source)
at com.orengeHRM.pageobject.PIM_EmpAdd.toasterSuccessMessage(PIM_EmpAdd.java:130)
at com.orengeHRM.testcases.AddEmployeeTest.addEmpWithLoginDetails(AddEmployeeTest.java:98)
at java.base/java.util.ArrayList.forEach(ArrayList.java:1511)
... Removed 32 stack frames]]>
    </failure>
  </testcase> <!-- addEmpWithLoginDetails -->
  <testcase classname="com.orengeHRM.testcases.AddEmployeeTest" name="addEmpWithoutLoginDetails" time="14.743">
    <failure type="java.io.IOException" message="Cannot run program &amp;quot;/OrengeHRM/TestData/OrangeHRM_fileUpload.exe&amp;quot;: CreateProcess error=2, The system cannot find the file specified">
      <![CDATA[java.io.IOException: Cannot run program "/OrengeHRM/TestData/OrangeHRM_fileUpload.exe": CreateProcess error=2, The system cannot find the file specified
at java.base/java.lang.ProcessBuilder.start(ProcessBuilder.java:1143)
at java.base/java.lang.ProcessBuilder.start(ProcessBuilder.java:1073)
at java.base/java.lang.Runtime.exec(Runtime.java:594)
at java.base/java.lang.Runtime.exec(Runtime.java:418)
at java.base/java.lang.Runtime.exec(Runtime.java:315)
at com.orengeHRM.pageobject.PIM_EmpAdd.addPhoto(PIM_EmpAdd.java:110)
at com.orengeHRM.testcases.AddEmployeeTest.addEmpWithoutLoginDetails(AddEmployeeTest.java:49)
at java.base/java.util.ArrayList.forEach(ArrayList.java:1511)
Caused by: java.io.IOException: CreateProcess error=2, The system cannot find the file specified
at java.base/java.lang.ProcessImpl.create(Native Method)
at java.base/java.lang.ProcessImpl.<init>(ProcessImpl.java:499)
at java.base/java.lang.ProcessImpl.start(ProcessImpl.java:158)
at java.base/java.lang.ProcessBuilder.start(ProcessBuilder.java:1110)
... 34 more
... Removed 27 stack frames]]>
    </failure>
  </testcase> <!-- addEmpWithoutLoginDetails -->
  <testcase classname="com.orengeHRM.testcases.AddEmployeeTest" name="validateInvalidFileType" time="15.93"/>
  <testcase classname="com.orengeHRM.testcases.EmployeeListTest" name="editEmployee" time="19.62">
    <failure type="java.lang.AssertionError" message="Edit Page not Open expected [null] but found [Personal Details]">
      <![CDATA[java.lang.AssertionError: Edit Page not Open expected [null] but found [Personal Details]
at com.orengeHRM.testcases.EmployeeListTest.editEmployee(EmployeeListTest.java:369)
at java.base/java.util.ArrayList.forEach(ArrayList.java:1511)
... Removed 32 stack frames]]>
    </failure>
  </testcase> <!-- editEmployee -->
  <testcase classname="com.orengeHRM.testcases.EmployeeListTest" name="verifyNoOfRowsEqualsTabMessage" time="12.448"/>
  <testcase classname="com.orengeHRM.testcases.LoginTest" name="verifyLogin" time="6.556"/>
  <testcase classname="com.orengeHRM.testcases.LoginTest" name="verifyLogin" time="7.904"/>
  <testcase classname="com.orengeHRM.testcases.LoginTest" name="verifyLogin" time="24.516">
    <failure type="org.openqa.selenium.NoSuchElementException" message="no such element: Unable to locate element: {&amp;quot;method&amp;quot;:&amp;quot;xpath&amp;quot;,&amp;quot;selector&amp;quot;:&amp;quot;//p[contains (.,&amp;apos;Invalid credentials&amp;apos;)]&amp;quot;}
  (Session info: chrome=129.0.6668.59)
For documentation on this error, please visit: https://www.seleniumhq.org/exceptions/no_such_element.html
Build info: version: &amp;apos;3.141.59&amp;apos;, revision: &amp;apos;e82be7d358&amp;apos;, time: &amp;apos;2018-11-14T08:17:03&amp;apos;
System info: host: &amp;apos;VAIBHAV&amp;apos;, ip: &amp;apos;192.168.93.99&amp;apos;, os.name: &amp;apos;Windows 10&amp;apos;, os.arch: &amp;apos;amd64&amp;apos;, os.version: &amp;apos;10.0&amp;apos;, java.version: &amp;apos;17.0.8.1&amp;apos;
Driver info: org.openqa.selenium.chrome.ChromeDriver
Capabilities {acceptInsecureCerts: false, browserName: chrome, browserVersion: 129.0.6668.59, chrome: {chromedriverVersion: 129.0.6668.70 (df87d5cf12b1..., userDataDir: C:\Users\Admin\AppData\Loca...}, fedcm:accounts: true, goog:chromeOptions: {debuggerAddress: localhost:53259}, javascriptEnabled: true, networkConnectionEnabled: false, pageLoadStrategy: normal, platform: WINDOWS, platformName: WINDOWS, proxy: Proxy(), setWindowRect: true, strictFileInteractability: false, timeouts: {implicit: 0, pageLoad: 300000, script: 30000}, unhandledPromptBehavior: dismiss and notify, webauthn:extension:credBlob: true, webauthn:extension:largeBlob: true, webauthn:extension:minPinLength: true, webauthn:extension:prf: true, webauthn:virtualAuthenticators: true}
Session ID: 073537e33a3ca82a63dbe1d51d9c24a4
*** Element info: {Using=xpath, value=//p[contains (.,&amp;apos;Invalid credentials&amp;apos;)]}">
      <![CDATA[org.openqa.selenium.NoSuchElementException: no such element: Unable to locate element: {"method":"xpath","selector":"//p[contains (.,'Invalid credentials')]"}
  (Session info: chrome=129.0.6668.59)
For documentation on this error, please visit: https://www.seleniumhq.org/exceptions/no_such_element.html
Build info: version: '3.141.59', revision: 'e82be7d358', time: '2018-11-14T08:17:03'
System info: host: 'VAIBHAV', ip: '192.168.93.99', os.name: 'Windows 10', os.arch: 'amd64', os.version: '10.0', java.version: '17.0.8.1'
Driver info: org.openqa.selenium.chrome.ChromeDriver
Capabilities {acceptInsecureCerts: false, browserName: chrome, browserVersion: 129.0.6668.59, chrome: {chromedriverVersion: 129.0.6668.70 (df87d5cf12b1..., userDataDir: C:\Users\Admin\AppData\Loca...}, fedcm:accounts: true, goog:chromeOptions: {debuggerAddress: localhost:53259}, javascriptEnabled: true, networkConnectionEnabled: false, pageLoadStrategy: normal, platform: WINDOWS, platformName: WINDOWS, proxy: Proxy(), setWindowRect: true, strictFileInteractability: false, timeouts: {implicit: 0, pageLoad: 300000, script: 30000}, unhandledPromptBehavior: dismiss and notify, webauthn:extension:credBlob: true, webauthn:extension:largeBlob: true, webauthn:extension:minPinLength: true, webauthn:extension:prf: true, webauthn:virtualAuthenticators: true}
Session ID: 073537e33a3ca82a63dbe1d51d9c24a4
*** Element info: {Using=xpath, value=//p[contains (.,'Invalid credentials')]}
at org.openqa.selenium.remote.http.W3CHttpResponseCodec.createException(W3CHttpResponseCodec.java:187)
at org.openqa.selenium.remote.http.W3CHttpResponseCodec.decode(W3CHttpResponseCodec.java:122)
at org.openqa.selenium.remote.http.W3CHttpResponseCodec.decode(W3CHttpResponseCodec.java:49)
at org.openqa.selenium.remote.HttpCommandExecutor.execute(HttpCommandExecutor.java:158)
at org.openqa.selenium.remote.service.DriverCommandExecutor.execute(DriverCommandExecutor.java:83)
at org.openqa.selenium.remote.RemoteWebDriver.execute(RemoteWebDriver.java:552)
at org.openqa.selenium.remote.RemoteWebDriver.findElement(RemoteWebDriver.java:323)
at org.openqa.selenium.remote.RemoteWebDriver.findElementByXPath(RemoteWebDriver.java:428)
at org.openqa.selenium.By$ByXPath.findElement(By.java:353)
at org.openqa.selenium.remote.RemoteWebDriver.findElement(RemoteWebDriver.java:315)
at org.openqa.selenium.support.pagefactory.DefaultElementLocator.findElement(DefaultElementLocator.java:69)
at org.openqa.selenium.support.pagefactory.internal.LocatingElementHandler.invoke(LocatingElementHandler.java:38)
at jdk.proxy2/jdk.proxy2.$Proxy31.getText(Unknown Source)
at com.orengeHRM.pageobject.Login.invalidLogin(Login.java:60)
at com.orengeHRM.testcases.LoginTest.verifyLogin(LoginTest.java:47)
at java.base/java.util.ArrayList.forEach(ArrayList.java:1511)
... Removed 32 stack frames]]>
    </failure>
  </testcase> <!-- verifyLogin -->
  <testcase classname="com.orengeHRM.testcases.AddEmployeeTest" name="cancelAddEmployee" time="0.0">
    <ignored/>
  </testcase> <!-- cancelAddEmployee -->
  <testcase classname="com.orengeHRM.testcases.EmployeeListTest" name="empSearchByStatus" time="0.0">
    <ignored/>
  </testcase> <!-- empSearchByStatus -->
  <testcase classname="com.orengeHRM.testcases.DashboardTest" name="navigateToPIM" time="0.0">
    <ignored/>
  </testcase> <!-- navigateToPIM -->
  <testcase classname="com.orengeHRM.testcases.DashboardTest" name="listQuickLaunchOptions" time="0.0">
    <ignored/>
  </testcase> <!-- listQuickLaunchOptions -->
  <testcase classname="com.orengeHRM.testcases.ResetPasswordTest" name="verifyResetPassPage" time="0.0">
    <ignored/>
  </testcase> <!-- verifyResetPassPage -->
  <testcase classname="com.orengeHRM.testcases.EmployeeListTest" name="addEmployeeButton" time="0.0">
    <ignored/>
  </testcase> <!-- addEmployeeButton -->
  <testcase classname="com.orengeHRM.testcases.EmployeeListTest" name="verifyTableMsgSearchByName" time="0.0">
    <ignored/>
  </testcase> <!-- verifyTableMsgSearchByName -->
  <testcase classname="com.orengeHRM.testcases.ResetPasswordTest" name="cancelResetPass" time="0.0">
    <ignored/>
  </testcase> <!-- cancelResetPass -->
  <testcase classname="com.orengeHRM.testcases.EmployeeListTest" name="verifyEmployeeDelete" time="0.0">
    <ignored/>
  </testcase> <!-- verifyEmployeeDelete -->
  <testcase classname="com.orengeHRM.base.BaseClass" name="@BeforeSuite loadConfig" time="0.0">
    <ignored/>
  </testcase> <!-- @BeforeSuite loadConfig -->
  <testcase classname="com.orengeHRM.testcases.EmployeeListTest" name="verifyResetAll" time="0.0">
    <ignored/>
  </testcase> <!-- verifyResetAll -->
  <testcase classname="com.orengeHRM.base.BaseClass" name="@BeforeSuite loadConfig" time="0.0">
    <ignored/>
  </testcase> <!-- @BeforeSuite loadConfig -->
  <testcase classname="com.orengeHRM.testcases.LoginTest" name="verifyResetPassword" time="0.0">
    <ignored/>
  </testcase> <!-- verifyResetPassword -->
  <testcase classname="com.orengeHRM.base.BaseClass" name="@BeforeSuite loadConfig" time="0.0">
    <ignored/>
  </testcase> <!-- @BeforeSuite loadConfig -->
  <testcase classname="com.orengeHRM.testcases.AddEmployeeTest" name="validateLargeFileValidation" time="0.0">
    <ignored/>
  </testcase> <!-- validateLargeFileValidation -->
  <testcase classname="com.orengeHRM.testcases.EmployeeListTest" name="verifyNameInTable" time="0.0">
    <ignored/>
  </testcase> <!-- verifyNameInTable -->
  <testcase classname="com.orengeHRM.testcases.EmployeeListTest" name="verifyTableMsgSearchByID" time="0.0">
    <ignored/>
  </testcase> <!-- verifyTableMsgSearchByID -->
  <testcase classname="com.orengeHRM.testcases.LoginTest" name="forgotPassword" time="0.0">
    <ignored/>
  </testcase> <!-- forgotPassword -->
  <testcase classname="com.orengeHRM.base.BaseClass" name="@BeforeSuite loadConfig" time="0.0">
    <ignored/>
  </testcase> <!-- @BeforeSuite loadConfig -->
</testsuite> <!-- RegressionTest -->
